<?xml version="1.0" encoding="UTF-8"?>
<testsuite name="com.sabbir.CommonModuleApplicationTests" tests="1" skipped="0" failures="0" errors="0" timestamp="2025-02-06T14:30:05" hostname="pop-os" time="0.589">
  <properties/>
  <testcase name="contextLoads()" classname="com.sabbir.CommonModuleApplicationTests" time="0.589"/>
  <system-out><![CDATA[20:30:04.059 [Test worker] INFO org.springframework.test.context.support.AnnotationConfigContextLoaderUtils -- Could not detect default configuration classes for test class [com.sabbir.CommonModuleApplicationTests]: CommonModuleApplicationTests does not declare any static, non-private, non-final, nested classes annotated with @Configuration.
20:30:04.150 [Test worker] INFO org.springframework.boot.test.context.SpringBootTestContextBootstrapper -- Found @SpringBootConfiguration com.sabbir.CommonModuleApplication for test class com.sabbir.CommonModuleApplicationTests

  .   ____          _            __ _ _
 /\\ / ___'_ __ _ _(_)_ __  __ _ \ \ \ \
( ( )\___ | '_ | '_| | '_ \/ _` | \ \ \ \
 \\/  ___)| |_)| | | | | || (_| |  ) ) ) )
  '  |____| .__|_| |_|_| |_\__, | / / / /
 =========|_|==============|___/=/_/_/_/

 :: Spring Boot ::                (v3.4.2)

2025-02-06T20:30:04.738+06:00  INFO 19036 --- [common-module] [    Test worker] c.sabbir.CommonModuleApplicationTests    : Starting CommonModuleApplicationTests using Java 17.0.11 with PID 19036 (started by ahamed in /home/ahamed/Desktop/microservice-practice/common-module)
2025-02-06T20:30:04.741+06:00  INFO 19036 --- [common-module] [    Test worker] c.sabbir.CommonModuleApplicationTests    : No active profile set, falling back to 1 default profile: "default"
2025-02-06T20:30:05.353+06:00  INFO 19036 --- [common-module] [    Test worker] o.s.cloud.context.scope.GenericScope     : BeanFactory id=a71b40b2-95c4-3553-b13d-9fed27bd88b5
2025-02-06T20:30:05.878+06:00  WARN 19036 --- [common-module] [    Test worker] iguration$LoadBalancerCaffeineWarnLogger : Spring Cloud LoadBalancer is currently working with the default cache. While this cache implementation is useful for development and tests, it's recommended to use Caffeine cache in production.You can switch to using Caffeine cache, by adding it and org.springframework.cache.caffeine.CaffeineCacheManager to the classpath.
2025-02-06T20:30:05.902+06:00  INFO 19036 --- [common-module] [    Test worker] c.sabbir.CommonModuleApplicationTests    : Started CommonModuleApplicationTests in 1.457 seconds (process running for 2.484)
]]></system-out>
  <system-err><![CDATA[]]></system-err>
</testsuite>
